
*** Running vivado
    with args -log main.vds -m64 -product Vivado -mode batch -messageDb vivado.pb -notrace -source main.tcl



****** Vivado v2022.2 (64-bit)
  **** SW Build 3671981 on Fri Oct 14 05:00:03 MDT 2022
  **** IP Build 3669848 on Fri Oct 14 08:30:02 MDT 2022
    ** Copyright 1986-2022 Xilinx, Inc. All Rights Reserved.

source main.tcl -notrace
create_project: Time (s): cpu = 00:00:02 ; elapsed = 00:00:06 . Memory (MB): peak = 393.980 ; gain = 57.398
Command: read_checkpoint -auto_incremental -incremental C:/Users/guilh/Downloads/REGISTRADOR_16BITS/REGISTRADOR_16BITS.srcs/utils_1/imports/synth_1/main.dcp
INFO: [Vivado 12-5825] Read reference checkpoint from C:/Users/guilh/Downloads/REGISTRADOR_16BITS/REGISTRADOR_16BITS.srcs/utils_1/imports/synth_1/main.dcp for incremental synthesis
INFO: [Vivado 12-7989] Please ensure there are no constraint changes
Command: synth_design -top main -part xc7a35tcpg236-1
Starting synth_design
Attempting to get a license for feature 'Synthesis' and/or device 'xc7a35t'
INFO: [Common 17-349] Got license for feature 'Synthesis' and/or device 'xc7a35t'
INFO: [Device 21-403] Loading part xc7a35tcpg236-1
INFO: [Designutils 20-5440] No compile time benefit to using incremental synthesis; A full resynthesis will be run
INFO: [Designutils 20-4379] Flow is switching to default flow due to incremental criteria not met. If you would like to alter this behaviour and have the flow terminate instead, please set the following parameter config_implementation {autoIncr.Synth.RejectBehavior Terminate}
INFO: [Synth 8-7079] Multithreading enabled for synth_design using a maximum of 2 processes.
INFO: [Synth 8-7078] Launching helper process for spawning children vivado processes
INFO: [Synth 8-7075] Helper process launched with PID 23640
INFO: [Synth 8-11241] undeclared symbol 'REGCCE', assumed default net type 'wire' [C:/Xilinx/Vivado/2022.2/data/verilog/src/unimacro/BRAM_SINGLE_MACRO.v:2170]
---------------------------------------------------------------------------------
Starting RTL Elaboration : Time (s): cpu = 00:00:02 ; elapsed = 00:00:06 . Memory (MB): peak = 1206.109 ; gain = 409.199
---------------------------------------------------------------------------------
INFO: [Synth 8-638] synthesizing module 'main' [C:/Users/guilh/Downloads/REGISTRADOR_16BITS/REGISTRADOR_16BITS.srcs/sources_1/new/main.vhd:13]
INFO: [Synth 8-3491] module 'CLK_1Hz' declared at 'C:/Users/guilh/Downloads/REGISTRADOR_16BITS/REGISTRADOR_16BITS.srcs/sources_1/new/CLK_1Hz.vhd:4' bound to instance 'clock' of component 'CLK_1Hz' [C:/Users/guilh/Downloads/REGISTRADOR_16BITS/REGISTRADOR_16BITS.srcs/sources_1/new/main.vhd:36]
INFO: [Synth 8-638] synthesizing module 'CLK_1Hz' [C:/Users/guilh/Downloads/REGISTRADOR_16BITS/REGISTRADOR_16BITS.srcs/sources_1/new/CLK_1Hz.vhd:9]
INFO: [Synth 8-256] done synthesizing module 'CLK_1Hz' (0#1) [C:/Users/guilh/Downloads/REGISTRADOR_16BITS/REGISTRADOR_16BITS.srcs/sources_1/new/CLK_1Hz.vhd:9]
INFO: [Synth 8-3491] module 'FF_D' declared at 'C:/Users/guilh/Downloads/REGISTRADOR_16BITS/REGISTRADOR_16BITS.srcs/sources_1/new/FF_D.vhd:4' bound to instance 'FF_1' of component 'FF_D' [C:/Users/guilh/Downloads/REGISTRADOR_16BITS/REGISTRADOR_16BITS.srcs/sources_1/new/main.vhd:38]
INFO: [Synth 8-638] synthesizing module 'FF_D' [C:/Users/guilh/Downloads/REGISTRADOR_16BITS/REGISTRADOR_16BITS.srcs/sources_1/new/FF_D.vhd:13]
WARNING: [Synth 8-614] signal 'clear' is read in the process but is not in the sensitivity list [C:/Users/guilh/Downloads/REGISTRADOR_16BITS/REGISTRADOR_16BITS.srcs/sources_1/new/FF_D.vhd:17]
INFO: [Synth 8-256] done synthesizing module 'FF_D' (0#1) [C:/Users/guilh/Downloads/REGISTRADOR_16BITS/REGISTRADOR_16BITS.srcs/sources_1/new/FF_D.vhd:13]
INFO: [Synth 8-3491] module 'FF_D' declared at 'C:/Users/guilh/Downloads/REGISTRADOR_16BITS/REGISTRADOR_16BITS.srcs/sources_1/new/FF_D.vhd:4' bound to instance 'FF_2' of component 'FF_D' [C:/Users/guilh/Downloads/REGISTRADOR_16BITS/REGISTRADOR_16BITS.srcs/sources_1/new/main.vhd:39]
INFO: [Synth 8-3491] module 'FF_D' declared at 'C:/Users/guilh/Downloads/REGISTRADOR_16BITS/REGISTRADOR_16BITS.srcs/sources_1/new/FF_D.vhd:4' bound to instance 'FF_3' of component 'FF_D' [C:/Users/guilh/Downloads/REGISTRADOR_16BITS/REGISTRADOR_16BITS.srcs/sources_1/new/main.vhd:40]
INFO: [Synth 8-3491] module 'FF_D' declared at 'C:/Users/guilh/Downloads/REGISTRADOR_16BITS/REGISTRADOR_16BITS.srcs/sources_1/new/FF_D.vhd:4' bound to instance 'FF_4' of component 'FF_D' [C:/Users/guilh/Downloads/REGISTRADOR_16BITS/REGISTRADOR_16BITS.srcs/sources_1/new/main.vhd:41]
INFO: [Synth 8-3491] module 'FF_D' declared at 'C:/Users/guilh/Downloads/REGISTRADOR_16BITS/REGISTRADOR_16BITS.srcs/sources_1/new/FF_D.vhd:4' bound to instance 'FF_5' of component 'FF_D' [C:/Users/guilh/Downloads/REGISTRADOR_16BITS/REGISTRADOR_16BITS.srcs/sources_1/new/main.vhd:43]
INFO: [Synth 8-3491] module 'FF_D' declared at 'C:/Users/guilh/Downloads/REGISTRADOR_16BITS/REGISTRADOR_16BITS.srcs/sources_1/new/FF_D.vhd:4' bound to instance 'FF_6' of component 'FF_D' [C:/Users/guilh/Downloads/REGISTRADOR_16BITS/REGISTRADOR_16BITS.srcs/sources_1/new/main.vhd:44]
INFO: [Synth 8-3491] module 'FF_D' declared at 'C:/Users/guilh/Downloads/REGISTRADOR_16BITS/REGISTRADOR_16BITS.srcs/sources_1/new/FF_D.vhd:4' bound to instance 'FF_7' of component 'FF_D' [C:/Users/guilh/Downloads/REGISTRADOR_16BITS/REGISTRADOR_16BITS.srcs/sources_1/new/main.vhd:45]
INFO: [Synth 8-3491] module 'FF_D' declared at 'C:/Users/guilh/Downloads/REGISTRADOR_16BITS/REGISTRADOR_16BITS.srcs/sources_1/new/FF_D.vhd:4' bound to instance 'FF_8' of component 'FF_D' [C:/Users/guilh/Downloads/REGISTRADOR_16BITS/REGISTRADOR_16BITS.srcs/sources_1/new/main.vhd:46]
INFO: [Synth 8-3491] module 'FF_D' declared at 'C:/Users/guilh/Downloads/REGISTRADOR_16BITS/REGISTRADOR_16BITS.srcs/sources_1/new/FF_D.vhd:4' bound to instance 'FF_9' of component 'FF_D' [C:/Users/guilh/Downloads/REGISTRADOR_16BITS/REGISTRADOR_16BITS.srcs/sources_1/new/main.vhd:48]
INFO: [Synth 8-3491] module 'FF_D' declared at 'C:/Users/guilh/Downloads/REGISTRADOR_16BITS/REGISTRADOR_16BITS.srcs/sources_1/new/FF_D.vhd:4' bound to instance 'FF_10' of component 'FF_D' [C:/Users/guilh/Downloads/REGISTRADOR_16BITS/REGISTRADOR_16BITS.srcs/sources_1/new/main.vhd:49]
INFO: [Synth 8-3491] module 'FF_D' declared at 'C:/Users/guilh/Downloads/REGISTRADOR_16BITS/REGISTRADOR_16BITS.srcs/sources_1/new/FF_D.vhd:4' bound to instance 'FF_11' of component 'FF_D' [C:/Users/guilh/Downloads/REGISTRADOR_16BITS/REGISTRADOR_16BITS.srcs/sources_1/new/main.vhd:50]
INFO: [Synth 8-3491] module 'FF_D' declared at 'C:/Users/guilh/Downloads/REGISTRADOR_16BITS/REGISTRADOR_16BITS.srcs/sources_1/new/FF_D.vhd:4' bound to instance 'FF_12' of component 'FF_D' [C:/Users/guilh/Downloads/REGISTRADOR_16BITS/REGISTRADOR_16BITS.srcs/sources_1/new/main.vhd:51]
INFO: [Synth 8-3491] module 'FF_D' declared at 'C:/Users/guilh/Downloads/REGISTRADOR_16BITS/REGISTRADOR_16BITS.srcs/sources_1/new/FF_D.vhd:4' bound to instance 'FF_13' of component 'FF_D' [C:/Users/guilh/Downloads/REGISTRADOR_16BITS/REGISTRADOR_16BITS.srcs/sources_1/new/main.vhd:53]
INFO: [Synth 8-3491] module 'FF_D' declared at 'C:/Users/guilh/Downloads/REGISTRADOR_16BITS/REGISTRADOR_16BITS.srcs/sources_1/new/FF_D.vhd:4' bound to instance 'FF_14' of component 'FF_D' [C:/Users/guilh/Downloads/REGISTRADOR_16BITS/REGISTRADOR_16BITS.srcs/sources_1/new/main.vhd:54]
INFO: [Synth 8-3491] module 'FF_D' declared at 'C:/Users/guilh/Downloads/REGISTRADOR_16BITS/REGISTRADOR_16BITS.srcs/sources_1/new/FF_D.vhd:4' bound to instance 'FF_15' of component 'FF_D' [C:/Users/guilh/Downloads/REGISTRADOR_16BITS/REGISTRADOR_16BITS.srcs/sources_1/new/main.vhd:55]
INFO: [Synth 8-3491] module 'FF_D' declared at 'C:/Users/guilh/Downloads/REGISTRADOR_16BITS/REGISTRADOR_16BITS.srcs/sources_1/new/FF_D.vhd:4' bound to instance 'FF_16' of component 'FF_D' [C:/Users/guilh/Downloads/REGISTRADOR_16BITS/REGISTRADOR_16BITS.srcs/sources_1/new/main.vhd:56]
INFO: [Synth 8-256] done synthesizing module 'main' (0#1) [C:/Users/guilh/Downloads/REGISTRADOR_16BITS/REGISTRADOR_16BITS.srcs/sources_1/new/main.vhd:13]
---------------------------------------------------------------------------------
Finished RTL Elaboration : Time (s): cpu = 00:00:03 ; elapsed = 00:00:07 . Memory (MB): peak = 1295.977 ; gain = 499.066
---------------------------------------------------------------------------------
---------------------------------------------------------------------------------
Start Handling Custom Attributes
---------------------------------------------------------------------------------
---------------------------------------------------------------------------------
Finished Handling Custom Attributes : Time (s): cpu = 00:00:03 ; elapsed = 00:00:08 . Memory (MB): peak = 1295.977 ; gain = 499.066
---------------------------------------------------------------------------------
---------------------------------------------------------------------------------
Finished RTL Optimization Phase 1 : Time (s): cpu = 00:00:03 ; elapsed = 00:00:08 . Memory (MB): peak = 1295.977 ; gain = 499.066
---------------------------------------------------------------------------------
Netlist sorting complete. Time (s): cpu = 00:00:00 ; elapsed = 00:00:00.001 . Memory (MB): peak = 1295.977 ; gain = 0.000
INFO: [Project 1-570] Preparing netlist for logic optimization

Processing XDC Constraints
Initializing timing engine
Parsing XDC File [C:/Users/guilh/Downloads/REGISTRADOR_16BITS/REGISTRADOR_16BITS.srcs/constrs_1/imports/CONTRAINTS BASYS3/Basys3_Master.xdc]
Finished Parsing XDC File [C:/Users/guilh/Downloads/REGISTRADOR_16BITS/REGISTRADOR_16BITS.srcs/constrs_1/imports/CONTRAINTS BASYS3/Basys3_Master.xdc]
INFO: [Project 1-236] Implementation specific constraints were found while reading constraint file [C:/Users/guilh/Downloads/REGISTRADOR_16BITS/REGISTRADOR_16BITS.srcs/constrs_1/imports/CONTRAINTS BASYS3/Basys3_Master.xdc]. These constraints will be ignored for synthesis but will be used in implementation. Impacted constraints are listed in the file [.Xil/main_propImpl.xdc].
Resolution: To avoid this warning, move constraints listed in [.Xil/main_propImpl.xdc] to another XDC file and exclude this new file from synthesis with the used_in_synthesis property (File Properties dialog in GUI) and re-run elaboration/synthesis.
Completed Processing XDC Constraints

Netlist sorting complete. Time (s): cpu = 00:00:00 ; elapsed = 00:00:00 . Memory (MB): peak = 1381.426 ; gain = 0.000
INFO: [Project 1-111] Unisim Transformation Summary:
No Unisim elements were transformed.

Constraint Validation Runtime : Time (s): cpu = 00:00:00 ; elapsed = 00:00:00.002 . Memory (MB): peak = 1381.426 ; gain = 0.000
INFO: [Designutils 20-5440] No compile time benefit to using incremental synthesis; A full resynthesis will be run
INFO: [Designutils 20-4379] Flow is switching to default flow due to incremental criteria not met. If you would like to alter this behaviour and have the flow terminate instead, please set the following parameter config_implementation {autoIncr.Synth.RejectBehavior Terminate}
INFO: [Synth 8-11241] undeclared symbol 'REGCCE', assumed default net type 'wire' [C:/Xilinx/Vivado/2022.2/data/verilog/src/unimacro/BRAM_SINGLE_MACRO.v:2170]
---------------------------------------------------------------------------------
Finished Constraint Validation : Time (s): cpu = 00:00:08 ; elapsed = 00:00:19 . Memory (MB): peak = 1381.426 ; gain = 584.516
---------------------------------------------------------------------------------
---------------------------------------------------------------------------------
Start Loading Part and Timing Information
---------------------------------------------------------------------------------
Loading part: xc7a35tcpg236-1
---------------------------------------------------------------------------------
Finished Loading Part and Timing Information : Time (s): cpu = 00:00:08 ; elapsed = 00:00:19 . Memory (MB): peak = 1381.426 ; gain = 584.516
---------------------------------------------------------------------------------
---------------------------------------------------------------------------------
Start Applying 'set_property' XDC Constraints
---------------------------------------------------------------------------------
---------------------------------------------------------------------------------
Finished applying 'set_property' XDC Constraints : Time (s): cpu = 00:00:08 ; elapsed = 00:00:19 . Memory (MB): peak = 1381.426 ; gain = 584.516
---------------------------------------------------------------------------------
---------------------------------------------------------------------------------
Finished RTL Optimization Phase 2 : Time (s): cpu = 00:00:08 ; elapsed = 00:00:19 . Memory (MB): peak = 1381.426 ; gain = 584.516
---------------------------------------------------------------------------------
---------------------------------------------------------------------------------
Start RTL Component Statistics 
---------------------------------------------------------------------------------
Detailed RTL Component Info : 
+---Registers : 
	                1 Bit    Registers := 17    
---------------------------------------------------------------------------------
Finished RTL Component Statistics 
---------------------------------------------------------------------------------
---------------------------------------------------------------------------------
Start Part Resource Summary
---------------------------------------------------------------------------------
Part Resources:
DSPs: 90 (col length:60)
BRAMs: 100 (col length: RAMB18 60 RAMB36 30)
---------------------------------------------------------------------------------
Finished Part Resource Summary
---------------------------------------------------------------------------------
---------------------------------------------------------------------------------
Start Cross Boundary and Area Optimization
---------------------------------------------------------------------------------
WARNING: [Synth 8-7080] Parallel synthesis criteria is not met
---------------------------------------------------------------------------------
Finished Cross Boundary and Area Optimization : Time (s): cpu = 00:00:09 ; elapsed = 00:00:21 . Memory (MB): peak = 1381.426 ; gain = 584.516
---------------------------------------------------------------------------------
---------------------------------------------------------------------------------
Start Applying XDC Timing Constraints
---------------------------------------------------------------------------------
---------------------------------------------------------------------------------
Finished Applying XDC Timing Constraints : Time (s): cpu = 00:00:11 ; elapsed = 00:00:27 . Memory (MB): peak = 1381.426 ; gain = 584.516
---------------------------------------------------------------------------------
---------------------------------------------------------------------------------
Start Timing Optimization
---------------------------------------------------------------------------------
---------------------------------------------------------------------------------
Finished Timing Optimization : Time (s): cpu = 00:00:11 ; elapsed = 00:00:27 . Memory (MB): peak = 1381.426 ; gain = 584.516
---------------------------------------------------------------------------------
---------------------------------------------------------------------------------
Start Technology Mapping
---------------------------------------------------------------------------------
---------------------------------------------------------------------------------
Finished Technology Mapping : Time (s): cpu = 00:00:11 ; elapsed = 00:00:27 . Memory (MB): peak = 1381.426 ; gain = 584.516
---------------------------------------------------------------------------------
---------------------------------------------------------------------------------
Start IO Insertion
---------------------------------------------------------------------------------
---------------------------------------------------------------------------------
Start Flattening Before IO Insertion
---------------------------------------------------------------------------------
---------------------------------------------------------------------------------
Finished Flattening Before IO Insertion
---------------------------------------------------------------------------------
---------------------------------------------------------------------------------
Start Final Netlist Cleanup
---------------------------------------------------------------------------------
---------------------------------------------------------------------------------
Finished Final Netlist Cleanup
---------------------------------------------------------------------------------
---------------------------------------------------------------------------------
Finished IO Insertion : Time (s): cpu = 00:00:13 ; elapsed = 00:00:32 . Memory (MB): peak = 1381.426 ; gain = 584.516
---------------------------------------------------------------------------------
---------------------------------------------------------------------------------
Start Renaming Generated Instances
---------------------------------------------------------------------------------
---------------------------------------------------------------------------------
Finished Renaming Generated Instances : Time (s): cpu = 00:00:13 ; elapsed = 00:00:32 . Memory (MB): peak = 1381.426 ; gain = 584.516
---------------------------------------------------------------------------------
---------------------------------------------------------------------------------
Start Rebuilding User Hierarchy
---------------------------------------------------------------------------------
---------------------------------------------------------------------------------
Finished Rebuilding User Hierarchy : Time (s): cpu = 00:00:13 ; elapsed = 00:00:32 . Memory (MB): peak = 1381.426 ; gain = 584.516
---------------------------------------------------------------------------------
---------------------------------------------------------------------------------
Start Renaming Generated Ports
---------------------------------------------------------------------------------
---------------------------------------------------------------------------------
Finished Renaming Generated Ports : Time (s): cpu = 00:00:13 ; elapsed = 00:00:32 . Memory (MB): peak = 1381.426 ; gain = 584.516
---------------------------------------------------------------------------------
---------------------------------------------------------------------------------
Start Handling Custom Attributes
---------------------------------------------------------------------------------
---------------------------------------------------------------------------------
Finished Handling Custom Attributes : Time (s): cpu = 00:00:13 ; elapsed = 00:00:32 . Memory (MB): peak = 1381.426 ; gain = 584.516
---------------------------------------------------------------------------------
---------------------------------------------------------------------------------
Start Renaming Generated Nets
---------------------------------------------------------------------------------
---------------------------------------------------------------------------------
Finished Renaming Generated Nets : Time (s): cpu = 00:00:13 ; elapsed = 00:00:32 . Memory (MB): peak = 1381.426 ; gain = 584.516
---------------------------------------------------------------------------------
---------------------------------------------------------------------------------
Start Writing Synthesis Report
---------------------------------------------------------------------------------

Report BlackBoxes: 
+-+--------------+----------+
| |BlackBox name |Instances |
+-+--------------+----------+
+-+--------------+----------+

Report Cell Usage: 
+------+-------+------+
|      |Cell   |Count |
+------+-------+------+
|1     |BUFG   |     1|
|2     |CARRY4 |     7|
|3     |LUT1   |     1|
|4     |LUT2   |     1|
|5     |LUT3   |     1|
|6     |LUT4   |     1|
|7     |LUT6   |     4|
|8     |FDCE   |    16|
|9     |FDRE   |    27|
|10    |FDSE   |     1|
|11    |IBUF   |     3|
|12    |OBUF   |    16|
+------+-------+------+
---------------------------------------------------------------------------------
Finished Writing Synthesis Report : Time (s): cpu = 00:00:13 ; elapsed = 00:00:32 . Memory (MB): peak = 1381.426 ; gain = 584.516
---------------------------------------------------------------------------------
Synthesis finished with 0 errors, 0 critical warnings and 1 warnings.
Synthesis Optimization Runtime : Time (s): cpu = 00:00:09 ; elapsed = 00:00:30 . Memory (MB): peak = 1381.426 ; gain = 499.066
Synthesis Optimization Complete : Time (s): cpu = 00:00:13 ; elapsed = 00:00:32 . Memory (MB): peak = 1381.426 ; gain = 584.516
INFO: [Project 1-571] Translating synthesized netlist
Netlist sorting complete. Time (s): cpu = 00:00:00 ; elapsed = 00:00:00.001 . Memory (MB): peak = 1381.426 ; gain = 0.000
INFO: [Netlist 29-17] Analyzing 7 Unisim elements for replacement
INFO: [Netlist 29-28] Unisim Transformation completed in 0 CPU seconds
INFO: [Project 1-570] Preparing netlist for logic optimization
INFO: [Opt 31-138] Pushed 0 inverter(s) to 0 load pin(s).
Netlist sorting complete. Time (s): cpu = 00:00:00 ; elapsed = 00:00:00 . Memory (MB): peak = 1381.426 ; gain = 0.000
INFO: [Project 1-111] Unisim Transformation Summary:
No Unisim elements were transformed.

Synth Design complete, checksum: af4c0fce
INFO: [Common 17-83] Releasing license: Synthesis
46 Infos, 2 Warnings, 0 Critical Warnings and 0 Errors encountered.
synth_design completed successfully
synth_design: Time (s): cpu = 00:00:15 ; elapsed = 00:00:37 . Memory (MB): peak = 1381.426 ; gain = 962.555
INFO: [Common 17-1381] The checkpoint 'C:/Users/guilh/Downloads/REGISTRADOR_16BITS/REGISTRADOR_16BITS.runs/synth_1/main.dcp' has been generated.
INFO: [runtcl-4] Executing : report_utilization -file main_utilization_synth.rpt -pb main_utilization_synth.pb
INFO: [Common 17-206] Exiting Vivado at Wed Jul  5 10:09:03 2023...
