
*** Running vivado
    with args -log main.vds -m64 -product Vivado -mode batch -messageDb vivado.pb -notrace -source main.tcl



****** Vivado v2022.2 (64-bit)
  **** SW Build 3671981 on Fri Oct 14 05:00:03 MDT 2022
  **** IP Build 3669848 on Fri Oct 14 08:30:02 MDT 2022
    ** Copyright 1986-2022 Xilinx, Inc. All Rights Reserved.

source main.tcl -notrace
create_project: Time (s): cpu = 00:00:02 ; elapsed = 00:00:05 . Memory (MB): peak = 393.844 ; gain = 56.551
Command: read_checkpoint -auto_incremental -incremental {C:/Users/guilh/rea de Trabalho/UnB/4 semestre/PED - Diogo/project_2/project_2.srcs/utils_1/imports/synth_1/main.dcp}
INFO: [Vivado 12-5825] Read reference checkpoint from C:/Users/guilh/rea de Trabalho/UnB/4 semestre/PED - Diogo/project_2/project_2.srcs/utils_1/imports/synth_1/main.dcp for incremental synthesis
INFO: [Vivado 12-7989] Please ensure there are no constraint changes
Command: synth_design -top main -part xc7a35tcpg236-1
Starting synth_design
Attempting to get a license for feature 'Synthesis' and/or device 'xc7a35t'
INFO: [Common 17-349] Got license for feature 'Synthesis' and/or device 'xc7a35t'
INFO: [Device 21-403] Loading part xc7a35tcpg236-1
INFO: [Designutils 20-5440] No compile time benefit to using incremental synthesis; A full resynthesis will be run
INFO: [Designutils 20-4379] Flow is switching to default flow due to incremental criteria not met. If you would like to alter this behaviour and have the flow terminate instead, please set the following parameter config_implementation {autoIncr.Synth.RejectBehavior Terminate}
INFO: [Synth 8-7079] Multithreading enabled for synth_design using a maximum of 2 processes.
INFO: [Synth 8-7078] Launching helper process for spawning children vivado processes
INFO: [Synth 8-7075] Helper process launched with PID 21780

*** Running vivado
    with args -log main.vds -m64 -product Vivado -mode batch -messageDb vivado.pb -notrace -source main.tcl



****** Vivado v2022.2 (64-bit)
  **** SW Build 3671981 on Fri Oct 14 05:00:03 MDT 2022
  **** IP Build 3669848 on Fri Oct 14 08:30:02 MDT 2022
    ** Copyright 1986-2022 Xilinx, Inc. All Rights Reserved.

source main.tcl -notrace
create_project: Time (s): cpu = 00:00:02 ; elapsed = 00:00:05 . Memory (MB): peak = 393.977 ; gain = 57.211
Command: read_checkpoint -auto_incremental -incremental {C:/Users/guilh/rea de Trabalho/UnB/4 semestre/PED - Diogo/project_2/project_2.srcs/utils_1/imports/synth_1/main.dcp}
INFO: [Vivado 12-5825] Read reference checkpoint from C:/Users/guilh/rea de Trabalho/UnB/4 semestre/PED - Diogo/project_2/project_2.srcs/utils_1/imports/synth_1/main.dcp for incremental synthesis
INFO: [Vivado 12-7989] Please ensure there are no constraint changes
Command: synth_design -top main -part xc7a35tcpg236-1
Starting synth_design
Attempting to get a license for feature 'Synthesis' and/or device 'xc7a35t'
INFO: [Common 17-349] Got license for feature 'Synthesis' and/or device 'xc7a35t'
INFO: [Device 21-403] Loading part xc7a35tcpg236-1
INFO: [Designutils 20-5440] No compile time benefit to using incremental synthesis; A full resynthesis will be run
INFO: [Designutils 20-4379] Flow is switching to default flow due to incremental criteria not met. If you would like to alter this behaviour and have the flow terminate instead, please set the following parameter config_implementation {autoIncr.Synth.RejectBehavior Terminate}
INFO: [Synth 8-7079] Multithreading enabled for synth_design using a maximum of 2 processes.
INFO: [Synth 8-7078] Launching helper process for spawning children vivado processes
INFO: [Synth 8-7075] Helper process launched with PID 19960
INFO: [Synth 8-11241] undeclared symbol 'REGCCE', assumed default net type 'wire' [C:/Xilinx/Vivado/2022.2/data/verilog/src/unimacro/BRAM_SINGLE_MACRO.v:2170]
---------------------------------------------------------------------------------
Starting RTL Elaboration : Time (s): cpu = 00:00:03 ; elapsed = 00:00:06 . Memory (MB): peak = 1205.051 ; gain = 407.168
---------------------------------------------------------------------------------
INFO: [Synth 8-638] synthesizing module 'main' [C:/Users/guilh/rea de Trabalho/UnB/4 semestre/PED - Diogo/project_2/project_2.srcs/sources_1/new/main.vhd:13]
INFO: [Synth 8-3491] module 'multiplexador' declared at 'C:/Users/guilh/rea de Trabalho/UnB/4 semestre/PED - Diogo/project_2/project_2.srcs/sources_1/new/multiplexador.vhd:5' bound to instance 'multiplexacao' of component 'multiplexador' [C:/Users/guilh/rea de Trabalho/UnB/4 semestre/PED - Diogo/project_2/project_2.srcs/sources_1/new/main.vhd:34]
INFO: [Synth 8-638] synthesizing module 'multiplexador' [C:/Users/guilh/rea de Trabalho/UnB/4 semestre/PED - Diogo/project_2/project_2.srcs/sources_1/new/multiplexador.vhd:13]
INFO: [Synth 8-256] done synthesizing module 'multiplexador' (0#1) [C:/Users/guilh/rea de Trabalho/UnB/4 semestre/PED - Diogo/project_2/project_2.srcs/sources_1/new/multiplexador.vhd:13]
WARNING: [Synth 8-5640] Port 'an' is missing in component declaration [C:/Users/guilh/rea de Trabalho/UnB/4 semestre/PED - Diogo/project_2/project_2.srcs/sources_1/new/main.vhd:23]
INFO: [Synth 8-3491] module 'decodificadorBCD7' declared at 'C:/Users/guilh/rea de Trabalho/UnB/4 semestre/PED - Diogo/project_2/project_2.srcs/sources_1/new/decodificador-BCD7.vhd:5' bound to instance 'saida' of component 'decodificadorBCD7' [C:/Users/guilh/rea de Trabalho/UnB/4 semestre/PED - Diogo/project_2/project_2.srcs/sources_1/new/main.vhd:35]
INFO: [Synth 8-638] synthesizing module 'decodificadorBCD7' [C:/Users/guilh/rea de Trabalho/UnB/4 semestre/PED - Diogo/project_2/project_2.srcs/sources_1/new/decodificador-BCD7.vhd:11]
INFO: [Synth 8-256] done synthesizing module 'decodificadorBCD7' (0#1) [C:/Users/guilh/rea de Trabalho/UnB/4 semestre/PED - Diogo/project_2/project_2.srcs/sources_1/new/decodificador-BCD7.vhd:11]
INFO: [Synth 8-256] done synthesizing module 'main' (0#1) [C:/Users/guilh/rea de Trabalho/UnB/4 semestre/PED - Diogo/project_2/project_2.srcs/sources_1/new/main.vhd:13]
WARNING: [Synth 8-3848] Net an in module/entity decodificadorBCD7 does not have driver. [C:/Users/guilh/rea de Trabalho/UnB/4 semestre/PED - Diogo/project_2/project_2.srcs/sources_1/new/decodificador-BCD7.vhd:8]
WARNING: [Synth 8-7129] Port an[3] in module decodificadorBCD7 is either unconnected or has no load
WARNING: [Synth 8-7129] Port an[2] in module decodificadorBCD7 is either unconnected or has no load
WARNING: [Synth 8-7129] Port an[1] in module decodificadorBCD7 is either unconnected or has no load
WARNING: [Synth 8-7129] Port an[0] in module decodificadorBCD7 is either unconnected or has no load
---------------------------------------------------------------------------------
Finished RTL Elaboration : Time (s): cpu = 00:00:03 ; elapsed = 00:00:07 . Memory (MB): peak = 1294.637 ; gain = 496.754
---------------------------------------------------------------------------------
---------------------------------------------------------------------------------
Start Handling Custom Attributes
---------------------------------------------------------------------------------
---------------------------------------------------------------------------------
Finished Handling Custom Attributes : Time (s): cpu = 00:00:03 ; elapsed = 00:00:07 . Memory (MB): peak = 1294.637 ; gain = 496.754
---------------------------------------------------------------------------------
---------------------------------------------------------------------------------
Finished RTL Optimization Phase 1 : Time (s): cpu = 00:00:03 ; elapsed = 00:00:07 . Memory (MB): peak = 1294.637 ; gain = 496.754
---------------------------------------------------------------------------------
Netlist sorting complete. Time (s): cpu = 00:00:00 ; elapsed = 00:00:00 . Memory (MB): peak = 1294.637 ; gain = 0.000
INFO: [Project 1-570] Preparing netlist for logic optimization

Processing XDC Constraints
Initializing timing engine
Parsing XDC File [C:/Users/guilh/rea de Trabalho/UnB/4 semestre/PED - Diogo/project_2/project_2.srcs/constrs_1/imports/basys3_master/Basys3_Master.xdc]
Finished Parsing XDC File [C:/Users/guilh/rea de Trabalho/UnB/4 semestre/PED - Diogo/project_2/project_2.srcs/constrs_1/imports/basys3_master/Basys3_Master.xdc]
INFO: [Project 1-236] Implementation specific constraints were found while reading constraint file [C:/Users/guilh/rea de Trabalho/UnB/4 semestre/PED - Diogo/project_2/project_2.srcs/constrs_1/imports/basys3_master/Basys3_Master.xdc]. These constraints will be ignored for synthesis but will be used in implementation. Impacted constraints are listed in the file [.Xil/main_propImpl.xdc].
Resolution: To avoid this warning, move constraints listed in [.Xil/main_propImpl.xdc] to another XDC file and exclude this new file from synthesis with the used_in_synthesis property (File Properties dialog in GUI) and re-run elaboration/synthesis.
Completed Processing XDC Constraints

Netlist sorting complete. Time (s): cpu = 00:00:00 ; elapsed = 00:00:00 . Memory (MB): peak = 1328.836 ; gain = 0.000
INFO: [Project 1-111] Unisim Transformation Summary:
No Unisim elements were transformed.

Constraint Validation Runtime : Time (s): cpu = 00:00:00 ; elapsed = 00:00:00.003 . Memory (MB): peak = 1328.836 ; gain = 0.000
INFO: [Designutils 20-5440] No compile time benefit to using incremental synthesis; A full resynthesis will be run
INFO: [Designutils 20-4379] Flow is switching to default flow due to incremental criteria not met. If you would like to alter this behaviour and have the flow terminate instead, please set the following parameter config_implementation {autoIncr.Synth.RejectBehavior Terminate}
INFO: [Synth 8-11241] undeclared symbol 'REGCCE', assumed default net type 'wire' [C:/Xilinx/Vivado/2022.2/data/verilog/src/unimacro/BRAM_SINGLE_MACRO.v:2170]
---------------------------------------------------------------------------------
Finished Constraint Validation : Time (s): cpu = 00:00:06 ; elapsed = 00:00:15 . Memory (MB): peak = 1328.836 ; gain = 530.953
---------------------------------------------------------------------------------
---------------------------------------------------------------------------------
Start Loading Part and Timing Information
---------------------------------------------------------------------------------
Loading part: xc7a35tcpg236-1
---------------------------------------------------------------------------------
Finished Loading Part and Timing Information : Time (s): cpu = 00:00:06 ; elapsed = 00:00:15 . Memory (MB): peak = 1328.836 ; gain = 530.953
---------------------------------------------------------------------------------
---------------------------------------------------------------------------------
Start Applying 'set_property' XDC Constraints
---------------------------------------------------------------------------------
---------------------------------------------------------------------------------
Finished applying 'set_property' XDC Constraints : Time (s): cpu = 00:00:06 ; elapsed = 00:00:15 . Memory (MB): peak = 1328.836 ; gain = 530.953
---------------------------------------------------------------------------------
---------------------------------------------------------------------------------
Finished RTL Optimization Phase 2 : Time (s): cpu = 00:00:06 ; elapsed = 00:00:15 . Memory (MB): peak = 1328.836 ; gain = 530.953
---------------------------------------------------------------------------------
---------------------------------------------------------------------------------
Start RTL Component Statistics 
---------------------------------------------------------------------------------
Detailed RTL Component Info : 
+---Muxes : 
	   2 Input    4 Bit        Muxes := 2     
---------------------------------------------------------------------------------
Finished RTL Component Statistics 
---------------------------------------------------------------------------------
---------------------------------------------------------------------------------
Start Part Resource Summary
---------------------------------------------------------------------------------
Part Resources:
DSPs: 90 (col length:60)
BRAMs: 100 (col length: RAMB18 60 RAMB36 30)
---------------------------------------------------------------------------------
Finished Part Resource Summary
---------------------------------------------------------------------------------
---------------------------------------------------------------------------------
Start Cross Boundary and Area Optimization
---------------------------------------------------------------------------------
WARNING: [Synth 8-7080] Parallel synthesis criteria is not met
WARNING: [Synth 8-3917] design main has port an[3] driven by constant 1
WARNING: [Synth 8-3917] design main has port an[2] driven by constant 1
---------------------------------------------------------------------------------
Finished Cross Boundary and Area Optimization : Time (s): cpu = 00:00:07 ; elapsed = 00:00:17 . Memory (MB): peak = 1328.836 ; gain = 530.953
---------------------------------------------------------------------------------
---------------------------------------------------------------------------------
Start Applying XDC Timing Constraints
---------------------------------------------------------------------------------
---------------------------------------------------------------------------------
Finished Applying XDC Timing Constraints : Time (s): cpu = 00:00:08 ; elapsed = 00:00:23 . Memory (MB): peak = 1328.836 ; gain = 530.953
---------------------------------------------------------------------------------
---------------------------------------------------------------------------------
Start Timing Optimization
---------------------------------------------------------------------------------
---------------------------------------------------------------------------------
Finished Timing Optimization : Time (s): cpu = 00:00:08 ; elapsed = 00:00:23 . Memory (MB): peak = 1328.836 ; gain = 530.953
---------------------------------------------------------------------------------
---------------------------------------------------------------------------------
Start Technology Mapping
---------------------------------------------------------------------------------
---------------------------------------------------------------------------------
Finished Technology Mapping : Time (s): cpu = 00:00:08 ; elapsed = 00:00:23 . Memory (MB): peak = 1328.836 ; gain = 530.953
---------------------------------------------------------------------------------
---------------------------------------------------------------------------------
Start IO Insertion
---------------------------------------------------------------------------------
---------------------------------------------------------------------------------
Start Flattening Before IO Insertion
---------------------------------------------------------------------------------
---------------------------------------------------------------------------------
Finished Flattening Before IO Insertion
---------------------------------------------------------------------------------
---------------------------------------------------------------------------------
Start Final Netlist Cleanup
---------------------------------------------------------------------------------
---------------------------------------------------------------------------------
Finished Final Netlist Cleanup
---------------------------------------------------------------------------------
---------------------------------------------------------------------------------
Finished IO Insertion : Time (s): cpu = 00:00:10 ; elapsed = 00:00:27 . Memory (MB): peak = 1328.836 ; gain = 530.953
---------------------------------------------------------------------------------
---------------------------------------------------------------------------------
Start Renaming Generated Instances
---------------------------------------------------------------------------------
---------------------------------------------------------------------------------
Finished Renaming Generated Instances : Time (s): cpu = 00:00:10 ; elapsed = 00:00:27 . Memory (MB): peak = 1328.836 ; gain = 530.953
---------------------------------------------------------------------------------
---------------------------------------------------------------------------------
Start Rebuilding User Hierarchy
---------------------------------------------------------------------------------
---------------------------------------------------------------------------------
Finished Rebuilding User Hierarchy : Time (s): cpu = 00:00:10 ; elapsed = 00:00:27 . Memory (MB): peak = 1328.836 ; gain = 530.953
---------------------------------------------------------------------------------
---------------------------------------------------------------------------------
Start Renaming Generated Ports
---------------------------------------------------------------------------------
---------------------------------------------------------------------------------
Finished Renaming Generated Ports : Time (s): cpu = 00:00:10 ; elapsed = 00:00:27 . Memory (MB): peak = 1328.836 ; gain = 530.953
---------------------------------------------------------------------------------
---------------------------------------------------------------------------------
Start Handling Custom Attributes
---------------------------------------------------------------------------------
---------------------------------------------------------------------------------
Finished Handling Custom Attributes : Time (s): cpu = 00:00:10 ; elapsed = 00:00:27 . Memory (MB): peak = 1328.836 ; gain = 530.953
---------------------------------------------------------------------------------
---------------------------------------------------------------------------------
Start Renaming Generated Nets
---------------------------------------------------------------------------------
---------------------------------------------------------------------------------
Finished Renaming Generated Nets : Time (s): cpu = 00:00:10 ; elapsed = 00:00:27 . Memory (MB): peak = 1328.836 ; gain = 530.953
---------------------------------------------------------------------------------
---------------------------------------------------------------------------------
Start Writing Synthesis Report
---------------------------------------------------------------------------------

Report BlackBoxes: 
+-+--------------+----------+
| |BlackBox name |Instances |
+-+--------------+----------+
+-+--------------+----------+

Report Cell Usage: 
+------+-----+------+
|      |Cell |Count |
+------+-----+------+
|1     |LUT1 |     1|
|2     |LUT3 |     3|
|3     |LUT6 |     7|
|4     |IBUF |     9|
|5     |OBUF |    11|
+------+-----+------+
---------------------------------------------------------------------------------
Finished Writing Synthesis Report : Time (s): cpu = 00:00:10 ; elapsed = 00:00:27 . Memory (MB): peak = 1328.836 ; gain = 530.953
---------------------------------------------------------------------------------
Synthesis finished with 0 errors, 0 critical warnings and 3 warnings.
Synthesis Optimization Runtime : Time (s): cpu = 00:00:06 ; elapsed = 00:00:26 . Memory (MB): peak = 1328.836 ; gain = 496.754
Synthesis Optimization Complete : Time (s): cpu = 00:00:10 ; elapsed = 00:00:27 . Memory (MB): peak = 1328.836 ; gain = 530.953
INFO: [Project 1-571] Translating synthesized netlist
Netlist sorting complete. Time (s): cpu = 00:00:00 ; elapsed = 00:00:00 . Memory (MB): peak = 1335.527 ; gain = 0.000
INFO: [Project 1-570] Preparing netlist for logic optimization
INFO: [Opt 31-138] Pushed 0 inverter(s) to 0 load pin(s).
Netlist sorting complete. Time (s): cpu = 00:00:00 ; elapsed = 00:00:00 . Memory (MB): peak = 1344.145 ; gain = 0.000
INFO: [Project 1-111] Unisim Transformation Summary:
No Unisim elements were transformed.

Synth Design complete, checksum: de621cbb
INFO: [Common 17-83] Releasing license: Synthesis
29 Infos, 9 Warnings, 0 Critical Warnings and 0 Errors encountered.
synth_design completed successfully
synth_design: Time (s): cpu = 00:00:12 ; elapsed = 00:00:33 . Memory (MB): peak = 1344.145 ; gain = 925.281
INFO: [Common 17-1381] The checkpoint 'C:/Users/guilh/rea de Trabalho/UnB/4 semestre/PED - Diogo/project_2/project_2.runs/synth_1/main.dcp' has been generated.
INFO: [runtcl-4] Executing : report_utilization -file main_utilization_synth.rpt -pb main_utilization_synth.pb
INFO: [Common 17-206] Exiting Vivado at Wed Jun 14 10:28:37 2023...
